<?xml version="1.0" encoding="UTF-8"?>
<!-- Generated by org.testng.reporters.JUnitReportReporter -->
<testsuite hostname="ADS67" name="exe.HS_ConnCheck_TS001" tests="2" failures="0" timestamp="30 Jun 2017 06:35:19 GMT" time="2.171" errors="0">
  <testcase name="HS_DBConnCheck_TC001" time="1.015" classname="exe.HS_ConnCheck_TS001"/>
  <testcase name="HS_InputFileExistance_TC002" time="1.156" classname="exe.HS_ConnCheck_TS001"/>
</testsuite> <!-- exe.HS_ConnCheck_TS001 -->
