<?xml version="1.0" encoding="UTF-8"?>
<!-- Generated by org.testng.reporters.JUnitReportReporter -->
<testsuite hostname="ADS63" name="exe.NewTest" tests="1" failures="0" timestamp="22 Jun 2017 10:48:32 GMT" time="0.008" errors="0">
  <testcase name="f" time="0.008" classname="exe.NewTest"/>
</testsuite> <!-- exe.NewTest -->
