<?xml version="1.0" encoding="UTF-8"?>
<!-- Generated by org.testng.reporters.JUnitReportReporter -->
<testsuite hostname="ADS40" name="exe.HS_ConnCheck_TS001" tests="2" failures="0" timestamp="30 Jun 2017 13:36:37 GMT" time="0.908" errors="0">
  <testcase name="HS_DBConnCheck_TC001" time="0.406" classname="exe.HS_ConnCheck_TS001"/>
  <testcase name="HS_InputFileExistance_TC002" time="0.502" classname="exe.HS_ConnCheck_TS001"/>
</testsuite> <!-- exe.HS_ConnCheck_TS001 -->
